07/17/2017 10:48:53 AM list initialized
07/17/2017 10:48:53 AM for loop
07/17/2017 10:48:53 AM list is within index
07/17/2017 10:48:53 AM for loop
07/17/2017 10:48:53 AM list is within index
07/17/2017 10:48:53 AM for loop
07/17/2017 10:48:53 AM list is within index
07/17/2017 10:48:53 AM for loop
07/17/2017 10:48:53 AM list is within index
07/17/2017 10:48:53 AM Missing Value
07/17/2017 10:48:53 AM printing missing Values
07/17/2017 10:48:53 AM for loop
07/17/2017 10:48:53 AM list is within index
07/17/2017 10:48:53 AM for loop
07/17/2017 10:48:53 AM list is within index
07/17/2017 10:48:53 AM for loop
07/17/2017 10:48:53 AM list is within index
07/17/2017 10:48:53 AM Missing Value
07/17/2017 10:48:53 AM printing missing Values
07/17/2017 10:48:53 AM printing missing Values
07/17/2017 10:48:53 AM printing missing Values
07/17/2017 10:48:53 AM for loop
